<?xml version="1.0" encoding="UTF-8"?>
<!-- Generated by org.testng.reporters.JUnitReportReporter -->
<testsuite skipped="0" hostname="LVNHCMAC0000276" name="test.authentication.LoginTestWithBaseTest" tests="2" failures="0" timestamp="2022-01-23T17:53:42 ICT" time="9.198" errors="0">
  <testcase name="testMethod02" time="1.203" classname="test.authentication.LoginTestWithBaseTest"/>
  <system-out/>
  <testcase name="loginWithValidCreds" time="7.995" classname="test.authentication.LoginTestWithBaseTest"/>
  <system-out/>
</testsuite> <!-- test.authentication.LoginTestWithBaseTest -->
