<?xml version="1.0" encoding="UTF-8"?>
<!-- Generated by org.testng.reporters.JUnitReportReporter -->
<testsuite skipped="0" hostname="LVNHCMAC0000276" name="test.authentication.LoginTestWithBaseTest2" tests="1" failures="0" timestamp="2022-01-23T17:53:42 ICT" time="12.590" errors="0">
  <testcase name="loginWithValidCreds" time="12.590" classname="test.authentication.LoginTestWithBaseTest2"/>
  <system-out/>
</testsuite> <!-- test.authentication.LoginTestWithBaseTest2 -->
