<?xml version="1.0" encoding="UTF-8"?>
<!-- Generated by org.testng.reporters.JUnitReportReporter -->
<testsuite skipped="0" hostname="LVNHCMAC0000276" name="test.testng.TestNGHooks" tests="2" failures="0" timestamp="2022-01-20T00:29:26 ICT" time="0.001" errors="0">
  <testcase name="testB" time="0.000" classname="test.testng.TestNGHooks"/>
  <system-out/>
  <testcase name="testA" time="0.001" classname="test.testng.TestNGHooks"/>
  <system-out/>
</testsuite> <!-- test.testng.TestNGHooks -->
